<?xml version="1.0" encoding="UTF-8"?>
<!-- Generated by org.testng.reporters.JUnitReportReporter -->
<testsuite hostname="DESKTOP-GNDE67A" failures="0" tests="6" name="com.crm.qa.testcases.ContactPageTest" time="54.012" errors="0" timestamp="2022-12-04T12:49:14 EST" skipped="0">
  <testcase classname="com.crm.qa.testcases.ContactPageTest" name="verifyContactsPageLable" time="6.861"/>
  <system-out/>
  <testcase classname="com.crm.qa.testcases.ContactPageTest" name="selectCheckbox" time="7.089"/>
  <system-out/>
  <testcase classname="com.crm.qa.testcases.ContactPageTest" name="CreateNewContactTestFromExcel" time="9.689"/>
  <system-out/>
  <testcase classname="com.crm.qa.testcases.ContactPageTest" name="CreateNewContactTestFromExcel" time="10.247"/>
  <system-out/>
  <testcase classname="com.crm.qa.testcases.ContactPageTest" name="CreateNewContactTestFromExcel" time="10.326"/>
  <system-out/>
  <testcase classname="com.crm.qa.testcases.ContactPageTest" name="CreateNewContactTestFromExcel" time="9.800"/>
  <system-out/>
</testsuite> <!-- com.crm.qa.testcases.ContactPageTest -->
