<?xml version="1.0" encoding="UTF-8"?>
<!-- Generated by org.testng.reporters.JUnitReportReporter -->
<testsuite hostname="DESKTOP-GNDE67A" failures="0" tests="2" name="com.crm.qa.testcases.LoginPageTest01" time="13.327" errors="0" timestamp="2022-12-05T11:58:38 EST" skipped="0">
  <testcase classname="com.crm.qa.testcases.LoginPageTest01" name="loginPageGetTitle" time="5.561"/>
  <system-out/>
  <testcase classname="com.crm.qa.testcases.LoginPageTest01" name="logintest" time="7.766"/>
  <system-out/>
</testsuite> <!-- com.crm.qa.testcases.LoginPageTest01 -->
