<?xml version="1.0" encoding="UTF-8"?>
<!-- Generated by org.testng.reporters.JUnitReportReporter -->
<testsuite hostname="DESKTOP-GNDE67A" failures="0" tests="3" name="com.crm.qa.testcases.HomePageTest" time="22.605" errors="0" timestamp="2022-12-05T11:56:58 EST" skipped="0">
  <testcase classname="com.crm.qa.testcases.HomePageTest" name="verifyHomePageTitleTest" time="6.558"/>
  <system-out/>
  <testcase classname="com.crm.qa.testcases.HomePageTest" name="verifyUsernameTest" time="7.644"/>
  <system-out/>
  <testcase classname="com.crm.qa.testcases.HomePageTest" name="verifyContactsLinkTest" time="8.403"/>
  <system-out/>
</testsuite> <!-- com.crm.qa.testcases.HomePageTest -->
