<?xml version="1.0" encoding="UTF-8"?>
<!-- Generated by org.testng.reporters.JUnitReportReporter -->
<testsuite hostname="DESKTOP-GNDE67A" failures="0" tests="6" name="com.crm.qa.testcases.ContactPageTest" time="70.894" errors="0" timestamp="2022-12-05T11:56:58 EST" skipped="0">
  <testcase classname="com.crm.qa.testcases.ContactPageTest" name="verifyContactsPageLable" time="8.573"/>
  <system-out/>
  <testcase classname="com.crm.qa.testcases.ContactPageTest" name="selectCheckbox" time="13.403"/>
  <system-out/>
  <testcase classname="com.crm.qa.testcases.ContactPageTest" name="CreateNewContactTestFromExcel" time="11.700"/>
  <system-out/>
  <testcase classname="com.crm.qa.testcases.ContactPageTest" name="CreateNewContactTestFromExcel" time="12.931"/>
  <system-out/>
  <testcase classname="com.crm.qa.testcases.ContactPageTest" name="CreateNewContactTestFromExcel" time="12.440"/>
  <system-out/>
  <testcase classname="com.crm.qa.testcases.ContactPageTest" name="CreateNewContactTestFromExcel" time="11.847"/>
  <system-out/>
</testsuite> <!-- com.crm.qa.testcases.ContactPageTest -->
